# Design: Design q2 already active.
# DESIGN: Default Design Language: VHDL
# DESIGN: Default BDE Language: VHDL
# DESIGN: Flow Manager: Not Defined
acom -reorder -dbg -e 100 -work q2 -2002  $dsn/src/main.vhd
# File: D:/darsi/CAD/tamrin/hw2/hw2_q2/q2/src/main.vhd
# Compile Entity "Jazr"
# Compile Architecture "myJazr" of Entity "Jazr"
# Top-level unit(s) detected:
# Entity => Jazr
# Compile success 0 Errors 0 Warnings  Analysis time :  0.2 [s]
# ELBREAD: Elaboration process.
# ELBREAD: Elaboration time 0.0 [s].
acom -dbg -e 100 -work q2 -2002  $dsn/src/TestBench/jazr_TB.vhd
# File: D:/darsi/CAD/tamrin/hw2/hw2_q2/q2/src/TestBench/jazr_TB.vhd
# Compile Entity "jazr_TB"
# Compile Architecture "myJazr" of Entity "jazr_TB"
# Warning: ELAB1_0026: TestBench/jazr_TB.vhd : (24, 0): There is no default binding for component "SquareRootCalculator". (No entity named "SquareRootCalculator" was found).
# Compile success 0 Errors 1 Warnings  Analysis time :  47.0 [ms]
asim -O5 +access +r +m+Jazr Jazr myJazr
# ELBREAD: Elaboration process.
# ELBREAD: Elaboration time 0.1 [s].
# VSIM: Stack memory: 32MB
# VSIM: Retval memory: 32MB
# KERNEL: Main thread initiated.
# KERNEL: Kernel process initialization phase.
# ELAB2: Elaboration final pass...
# ELAB2: Create instances ...
# KERNEL: Time resolution set to 1ps.
# ELAB2: Create instances complete.
# SLP: Started
# SLP: Elaboration phase ...
# SLP: Elaboration phase ... skipped, nothing to simulate in SLP mode : 0.0 [s]
# SLP: Finished : 0.0 [s]
# ELAB2: Elaboration final pass complete - time: 0.1 [s].
# KERNEL: Kernel process initialization done.
# Allocation: Simulator allocated 5566 kB (elbread=427 elab2=5000 kernel=139 sdf=0)
# KERNEL: ASDB file was created in location D:\darsi\CAD\tamrin\hw2\hw2_q2\q2\src\wave.asdb
#  2:01 PM, Friday, June 2, 2023
#  Simulation has been initialized
# add wave -noreg {/Jazr/input}
# add wave -noreg {/Jazr/output}
# add wave -noreg {/Jazr/input_int}
# add wave -noreg {/Jazr/output_int}
# VSIM: 4 object(s) traced.
# Waveform file 'untitled.awc' connected to 'D:/darsi/CAD/tamrin/hw2/hw2_q2/q2/src/wave.asdb'.
run 100 ns
# KERNEL: WARNING: NUMERIC_STD.TO_INTEGER: metavalue detected, returning 0
# KERNEL: Time: 0 ps,  Iteration: 0,  Instance: /Jazr,  Process: line__18.
# KERNEL: stopped at time: 100 ns
# KERNEL: Simulation has finished. There are no more test vectors to simulate.
run 100 ns
# KERNEL: stopped at time: 200 ns
# KERNEL: Simulation has finished. There are no more test vectors to simulate.
run 100 ns
# KERNEL: stopped at time: 300 ns
# KERNEL: Simulation has finished. There are no more test vectors to simulate.
run 100 ns
# KERNEL: stopped at time: 400 ns
# KERNEL: Simulation has finished. There are no more test vectors to simulate.
run 100 ns
# KERNEL: stopped at time: 500 ns
# KERNEL: Simulation has finished. There are no more test vectors to simulate.
run 100 ns
# KERNEL: stopped at time: 600 ns
# KERNEL: Simulation has finished. There are no more test vectors to simulate.
run 100 ns
# KERNEL: stopped at time: 700 ns
# KERNEL: Simulation has finished. There are no more test vectors to simulate.
# Waveform file 'D:/darsi/CAD/tamrin/hw2/hw2_q2/q2/src/q2.awc' connected to 'D:/darsi/CAD/tamrin/hw2/hw2_q2/q2/src/q2.asdb'.
# Adding file D:\darsi\CAD\tamrin\hw2\hw2_q2\q2\src\q2.asdb ... Done
# Adding file D:\darsi\CAD\tamrin\hw2\hw2_q2\q2\src\q2.awc ... Done
