Active-HDL 13.0.375.8320 2023-04-10 11:38:08

Elaboration top modules:
Architecture                  TB_ARCHITECTURE(alu_tb)


----------------------------------------------------------------------------------------------
Entity   | Architecture    | Library | Info | Compiler Version          | Compilation Options
----------------------------------------------------------------------------------------------
alu_tb   | TB_ARCHITECTURE | q2      |      | 13.0.375.8320 (Windows64) | -dbg
alu      | ans_alu         | q2      |      | 13.0.375.8320 (Windows64) | -dbg
----------------------------------------------------------------------------------------------

----------------------------------------------------------------------------------------------
VHDL Package               | Library | Info | Compiler Version          | Compilation Options
----------------------------------------------------------------------------------------------
standard                   | std     |      |                           | <unavailable>
TEXTIO                     | std     |      | 13.0.375.8320 (Windows64) |  -2019
std_logic_1164             | ieee    |      | 13.0.375.8320 (Windows64) |  -2008
NUMERIC_STD                | ieee    |      | 13.0.375.8320 (Windows64) |  -2008
std_logic_arith            | ieee    |      | 13.0.375.8320 (Windows64) | <unavailable>
STD_LOGIC_UNSIGNED         | ieee    |      | 13.0.375.8320 (Windows64) | <unavailable>
----------------------------------------------------------------------------------------------

----------------------------------------------------------------------------------------------
Library                    | Comment
----------------------------------------------------------------------------------------------
ieee                       | Standard IEEE packages library
q2                         | None
std                        | Standard VHDL library
----------------------------------------------------------------------------------------------
