Active-HDL 13.0.375.8320 2023-04-10 11:32:45

Elaboration top modules:
Architecture                  TB_ARCHITECTURE(soal5_tb)


----------------------------------------------------------------------------------------------
Entity   | Architecture    | Library | Info | Compiler Version          | Compilation Options
----------------------------------------------------------------------------------------------
soal5_tb | TB_ARCHITECTURE | q5      |      | 13.0.375.8320 (Windows64) | -dbg
soal5    | t5              | q5      |      | 13.0.375.8320 (Windows64) | -dbg
----------------------------------------------------------------------------------------------

----------------------------------------------------------------------------------------------
VHDL Package               | Library | Info | Compiler Version          | Compilation Options
----------------------------------------------------------------------------------------------
standard                   | std     |      |                           | <unavailable>
complex                    | q5      |      | 13.0.375.8320 (Windows64) | -dbg
TEXTIO                     | std     |      | 13.0.375.8320 (Windows64) |  -2019
std_logic_1164             | ieee    |      | 13.0.375.8320 (Windows64) |  -2008
NUMERIC_STD                | ieee    |      | 13.0.375.8320 (Windows64) |  -2008
std_logic_arith            | ieee    |      | 13.0.375.8320 (Windows64) | <unavailable>
STD_LOGIC_UNSIGNED         | ieee    |      | 13.0.375.8320 (Windows64) | <unavailable>
----------------------------------------------------------------------------------------------

----------------------------------------------------------------------------------------------
Library                    | Comment
----------------------------------------------------------------------------------------------
ieee                       | Standard IEEE packages library
q5                         | None
std                        | Standard VHDL library
----------------------------------------------------------------------------------------------
