Active-HDL 13.0.375.8320 2023-07-02 07:54:10

Elaboration top modules:
Architecture                  behavioral(moore_fsm)


--------------------------------------------------------------------------------------------
Entity    | Architecture | Library | Info | Compiler Version          | Compilation Options
--------------------------------------------------------------------------------------------
moore_fsm | behavioral   | hw4q3_2 |      | 13.0.375.8320 (Windows64) | -dbg
--------------------------------------------------------------------------------------------

--------------------------------------------------------------------------------------------
VHDL Package             | Library | Info | Compiler Version          | Compilation Options
--------------------------------------------------------------------------------------------
standard                 | std     |      |                           | <unavailable>
TEXTIO                   | std     |      | 13.0.375.8320 (Windows64) |  -2019
std_logic_1164           | ieee    |      | 13.0.375.8320 (Windows64) |  -2008
--------------------------------------------------------------------------------------------

--------------------------------------------------------------------------------------------
Library                  | Comment
--------------------------------------------------------------------------------------------
hw4q3_2                  | None
ieee                     | Standard IEEE packages library
std                      | Standard VHDL library
--------------------------------------------------------------------------------------------
