Active-HDL 13.0.375.8320 2023-06-28 14:34:58

Elaboration top modules:
Architecture                  behavioral(code_converter)


-------------------------------------------------------------------------------------------------
Entity         | Architecture | Library | Info | Compiler Version          | Compilation Options
-------------------------------------------------------------------------------------------------
code_converter | behavioral   | main    |      | 13.0.375.8320 (Windows64) | -O3
-------------------------------------------------------------------------------------------------

-------------------------------------------------------------------------------------------------
VHDL Package                  | Library | Info | Compiler Version          | Compilation Options
-------------------------------------------------------------------------------------------------
standard                      | std     |      |                           | <unavailable>
TEXTIO                        | std     |      | 13.0.375.8320 (Windows64) |  -2019
std_logic_1164                | ieee    |      | 13.0.375.8320 (Windows64) |  -2008
-------------------------------------------------------------------------------------------------

-------------------------------------------------------------------------------------------------
Library                       | Comment
-------------------------------------------------------------------------------------------------
ieee                          | Standard IEEE packages library
main                          | None
std                           | Standard VHDL library
-------------------------------------------------------------------------------------------------
