Active-HDL 13.0.375.8320 2023-07-02 07:51:02

Elaboration top modules:
Architecture                  behavioral(mealy_fsm)


--------------------------------------------------------------------------------------------
Entity    | Architecture | Library | Info | Compiler Version          | Compilation Options
--------------------------------------------------------------------------------------------
mealy_fsm | behavioral   | q3      |      | 13.0.375.8320 (Windows64) | -dbg
--------------------------------------------------------------------------------------------

--------------------------------------------------------------------------------------------
VHDL Package             | Library | Info | Compiler Version          | Compilation Options
--------------------------------------------------------------------------------------------
standard                 | std     |      |                           | <unavailable>
TEXTIO                   | std     |      | 13.0.375.8320 (Windows64) |  -2019
std_logic_1164           | ieee    |      | 13.0.375.8320 (Windows64) |  -2008
--------------------------------------------------------------------------------------------

--------------------------------------------------------------------------------------------
Library                  | Comment
--------------------------------------------------------------------------------------------
ieee                     | Standard IEEE packages library
q3                       | None
std                      | Standard VHDL library
--------------------------------------------------------------------------------------------
