# Design: Design q1 already active.
# DESIGN: Default Design Language: VHDL
# DESIGN: Default BDE Language: VHDL
# DESIGN: Flow Manager: Not Defined
acom -reorder -dbg -e 100 -work q1 -2002  $dsn/src/main.vhd
# File: D:/darsi/CAD/tamrin/hw2/hw2_q1/q1/src/main.vhd
# Compile Entity "Jazr"
# Compile Architecture "myJazr" of Entity "Jazr"
# Top-level unit(s) detected:
# Entity => Jazr
# Warning: ELAB1_0026: main.vhd : (24, 0): There is no default binding for component "SquareRootCalculator". (No entity named "SquareRootCalculator" was found).
# Compile success 0 Errors 1 Warnings  Analysis time :  0.2 [s]
# ELBREAD: Elaboration process.
# ELBREAD: Elaboration time 0.6 [s].
acom -dbg -e 100 -work q1 -2002  $dsn/src/main.vhd
# File: D:/darsi/CAD/tamrin/hw2/hw2_q1/q1/src/main.vhd
# Compile Entity "Jazr"
# Compile Architecture "myJazr" of Entity "Jazr"
# Warning: ELAB1_0026: main.vhd : (24, 0): There is no default binding for component "SquareRootCalculator". (No entity named "SquareRootCalculator" was found).
# Compile success 0 Errors 1 Warnings  Analysis time :  62.0 [ms]
acom -dbg -e 100 -work q1 -2002  $dsn/src/main.vhd
# File: D:/darsi/CAD/tamrin/hw2/hw2_q1/q1/src/main.vhd
# Compile Package "Sorting"
# Compile Entity "Sort"
# Compile Architecture "mySort" of Entity "Sort"
# Warning: COMP96_0564: main.vhd : (21, 2): Shared variable is not of a protected type. (IEEE 1076-2002, 4.3.1.3)
# Warning: COMP96_0564: main.vhd : (22, 2): Shared variable is not of a protected type. (IEEE 1076-2002, 4.3.1.3)
# Compile success 0 Errors 2 Warnings  Analysis time :  78.0 [ms]
acom -dbg -e 100 -work q1 -2002  $dsn/src/TestBench/sort_TB.vhd
# File: D:/darsi/CAD/tamrin/hw2/hw2_q1/q1/src/TestBench/sort_TB.vhd
# Compile Entity "SortTb"
# Compile Architecture "behavior" of Entity "SortTb"
# Compile success 0 Errors 0 Warnings  Analysis time :  15.0 [ms]
asim -O5 +access +r +m+Jazr Jazr myJazr
# ELBREAD: Elaboration process.
# ELBREAD: Elaboration time 0.3 [s].
# VSIM: Stack memory: 32MB
# VSIM: Retval memory: 32MB
# KERNEL: Main thread initiated.
# KERNEL: Kernel process initialization phase.
# ELAB2: Elaboration final pass...
# ELAB2: Create instances ...
# KERNEL: Time resolution set to 1ps.
# ELBREAD: Warning: ELBREAD_0037 main.vhd (24): Component /Jazr/uut : SquareRootCalculator not bound.
# ELAB2: Create instances complete.
# SLP: Started
# SLP: Elaboration phase ...
# SLP: Elaboration phase ... skipped, nothing to simulate in SLP mode : 0.0 [s]
# SLP: Finished : 0.0 [s]
# ELAB2: Elaboration final pass complete - time: 0.2 [s].
# KERNEL: Kernel process initialization done.
# Allocation: Simulator allocated 5525 kB (elbread=427 elab2=4958 kernel=139 sdf=0)
# KERNEL: ASDB file was created in location D:\darsi\CAD\tamrin\hw2\hw2_q1\q1\src\wave.asdb
#  1:53 PM, Friday, June 2, 2023
#  Simulation has been initialized
# add wave -noreg {/Jazr/input}
# add wave -noreg {/Jazr/output}
# VSIM: 2 object(s) traced.
# Waveform file 'untitled.awc' connected to 'D:/darsi/CAD/tamrin/hw2/hw2_q1/q1/src/wave.asdb'.
run 100 ns
# KERNEL: Simulation has finished. There are no more test vectors to simulate.
run 100 ns
# KERNEL: stopped at time: 200 ns
# KERNEL: Simulation has finished. There are no more test vectors to simulate.
run 100 ns
# KERNEL: stopped at time: 300 ns
# KERNEL: Simulation has finished. There are no more test vectors to simulate.
run 100 ns
# KERNEL: stopped at time: 400 ns
# KERNEL: Simulation has finished. There are no more test vectors to simulate.
# ELBREAD: Elaboration process.
# ELBREAD: Elaboration time 0.0 [s].
# ELBREAD: Elaboration process.
# ELBREAD: Elaboration time 0.0 [s].
asim -O5 +access +r +m+SortTb SortTb behavior
# ELBREAD: Elaboration process.
# ELBREAD: Elaboration time 0.1 [s].
# VSIM: Stack memory: 32MB
# VSIM: Retval memory: 32MB
# KERNEL: Main thread initiated.
# KERNEL: Kernel process initialization phase.
# ELAB2: Elaboration final pass...
# ELAB2: Create instances ...
# KERNEL: Time resolution set to 1ps.
# ELAB2: Create instances complete.
# SLP: Started
# SLP: Elaboration phase ...
# SLP: Elaboration phase ... skipped, nothing to simulate in SLP mode : 0.0 [s]
# SLP: Finished : 0.0 [s]
# ELAB2: Elaboration final pass complete - time: 0.2 [s].
# KERNEL: Kernel process initialization done.
# Allocation: Simulator allocated 5529 kB (elbread=427 elab2=4962 kernel=139 sdf=0)
# KERNEL: ASDB file was created in location D:\darsi\CAD\tamrin\hw2\hw2_q1\q1\src\wave.asdb
#  1:54 PM, Friday, June 2, 2023
#  Simulation has been initialized
# add wave -noreg {/SortTb/input}
# add wave -noreg {/SortTb/Output}
# VSIM: 2 object(s) traced.
# Waveform file 'untitled.awc' connected to 'D:/darsi/CAD/tamrin/hw2/hw2_q1/q1/src/wave.asdb'.
run 100 ns
# KERNEL: Simulation has finished. There are no more test vectors to simulate.
run 100 ns
# KERNEL: stopped at time: 200 ns
# KERNEL: Simulation has finished. There are no more test vectors to simulate.
run 100 ns
# KERNEL: stopped at time: 300 ns
# KERNEL: Simulation has finished. There are no more test vectors to simulate.
run 100 ns
# KERNEL: stopped at time: 400 ns
# KERNEL: Simulation has finished. There are no more test vectors to simulate.
# Waveform file 'D:/darsi/CAD/tamrin/hw2/hw2_q1/q1/src/q1.awc' connected to 'D:/darsi/CAD/tamrin/hw2/hw2_q1/q1/src/q1.asdb'.
# Adding file D:\darsi\CAD\tamrin\hw2\hw2_q1\q1\src\q1.asdb ... Done
# Adding file D:\darsi\CAD\tamrin\hw2\hw2_q1\q1\src\q1.awc ... Done
