Active-HDL 13.0.375.8320 2023-06-30 22:55:03

Elaboration top modules:
Architecture                  sim(matrix_test)


----------------------------------------------------------------------------------------------
Entity      | Architecture | Library | Info | Compiler Version          | Compilation Options
----------------------------------------------------------------------------------------------
matrix_test | sim          | q1      |      | 13.0.375.8320 (Windows64) | -O3
----------------------------------------------------------------------------------------------

----------------------------------------------------------------------------------------------
VHDL Package               | Library | Info | Compiler Version          | Compilation Options
----------------------------------------------------------------------------------------------
standard                   | std     |      |                           | <unavailable>
TEXTIO                     | std     |      | 13.0.375.8320 (Windows64) |  -2019
std_logic_1164             | ieee    |      | 13.0.375.8320 (Windows64) |  -2008
NUMERIC_STD                | ieee    |      | 13.0.375.8320 (Windows64) |  -2008
complex_matrix             | q1      |      | 13.0.375.8320 (Windows64) | -O3
----------------------------------------------------------------------------------------------

----------------------------------------------------------------------------------------------
Library                    | Comment
----------------------------------------------------------------------------------------------
ieee                       | Standard IEEE packages library
q1                         | None
std                        | Standard VHDL library
----------------------------------------------------------------------------------------------
